0 info it worked if it ends with ok
1 verbose cli [ '/usr/local/bin/node',
1 verbose cli   '/usr/local/bin/npm',
1 verbose cli   'install',
1 verbose cli   'ng-toast',
1 verbose cli   '--production' ]
2 info using npm@4.0.1
3 info using node@v6.8.1
4 silly loadCurrentTree Starting
5 silly install loadCurrentTree
6 silly install readLocalPackageData
7 silly fetchPackageMetaData ng-toast
8 silly fetchNamedPackageData ng-toast
9 silly mapToRegistry name ng-toast
10 silly mapToRegistry using default registry
11 silly mapToRegistry registry https://registry.npmjs.org/
12 silly mapToRegistry data Result {
12 silly mapToRegistry   raw: 'ng-toast',
12 silly mapToRegistry   scope: null,
12 silly mapToRegistry   escapedName: 'ng-toast',
12 silly mapToRegistry   name: 'ng-toast',
12 silly mapToRegistry   rawSpec: '',
12 silly mapToRegistry   spec: 'latest',
12 silly mapToRegistry   type: 'tag' }
13 silly mapToRegistry uri https://registry.npmjs.org/ng-toast
14 verbose request uri https://registry.npmjs.org/ng-toast
15 verbose request no auth needed
16 info attempt registry request try #1 at 11:12:43 AM
17 verbose request id a690f6e1ee26d6e4
18 http request GET https://registry.npmjs.org/ng-toast
19 http 200 https://registry.npmjs.org/ng-toast
20 verbose headers { 'content-type': 'application/json; charset=UTF-8',
20 verbose headers   server: 'UploadServer',
20 verbose headers   'cache-control': 'max-age=300',
20 verbose headers   'last-modified': 'Fri, 18 Aug 2017 4:52:30 GMT',
20 verbose headers   etag: '"5996728e-270e"',
20 verbose headers   'content-encoding': 'gzip',
20 verbose headers   'content-length': '2747',
20 verbose headers   'accept-ranges': 'bytes',
20 verbose headers   date: 'Tue, 19 Dec 2017 11:12:37 GMT',
20 verbose headers   via: '1.1 varnish',
20 verbose headers   age: '4427',
20 verbose headers   connection: 'keep-alive',
20 verbose headers   'x-served-by': 'cache-lcy19230-LCY',
20 verbose headers   'x-cache': 'HIT',
20 verbose headers   'x-cache-hits': '1',
20 verbose headers   'x-timer': 'S1513681958.808103,VS0,VE0',
20 verbose headers   vary: 'Accept-Encoding, Accept' }
21 silly get cb [ 200,
21 silly get   { 'content-type': 'application/json; charset=UTF-8',
21 silly get     server: 'UploadServer',
21 silly get     'cache-control': 'max-age=300',
21 silly get     'last-modified': 'Fri, 18 Aug 2017 4:52:30 GMT',
21 silly get     etag: '"5996728e-270e"',
21 silly get     'content-encoding': 'gzip',
21 silly get     'content-length': '2747',
21 silly get     'accept-ranges': 'bytes',
21 silly get     date: 'Tue, 19 Dec 2017 11:12:37 GMT',
21 silly get     via: '1.1 varnish',
21 silly get     age: '4427',
21 silly get     connection: 'keep-alive',
21 silly get     'x-served-by': 'cache-lcy19230-LCY',
21 silly get     'x-cache': 'HIT',
21 silly get     'x-cache-hits': '1',
21 silly get     'x-timer': 'S1513681958.808103,VS0,VE0',
21 silly get     vary: 'Accept-Encoding, Accept' } ]
22 verbose get saving ng-toast to /Users/Petekul/.npm/registry.npmjs.org/ng-toast/.cache.json
23 verbose correctMkdir /Users/Petekul/.npm correctMkdir not in flight; initializing
24 silly install normalizeTree
25 silly loadCurrentTree Finishing
26 silly loadIdealTree Starting
27 silly install loadIdealTree
28 silly cloneCurrentTree Starting
29 silly install cloneCurrentTreeToIdealTree
30 silly cloneCurrentTree Finishing
31 silly loadShrinkwrap Starting
32 silly install loadShrinkwrap
33 silly loadShrinkwrap Finishing
34 silly loadAllDepsIntoIdealTree Starting
35 silly install loadAllDepsIntoIdealTree
36 silly rollbackFailedOptional Starting
37 silly rollbackFailedOptional Finishing
38 silly runTopLevelLifecycles Finishing
39 silly install printInstalled
40 verbose stack Error: Refusing to install ng-toast as a dependency of itself
40 verbose stack     at checkSelf (/usr/local/lib/node_modules/npm/lib/install/validate-args.js:53:14)
40 verbose stack     at Array.<anonymous> (/usr/local/lib/node_modules/npm/node_modules/slide/lib/bind-actor.js:15:8)
40 verbose stack     at LOOP (/usr/local/lib/node_modules/npm/node_modules/slide/lib/chain.js:15:14)
40 verbose stack     at chain (/usr/local/lib/node_modules/npm/node_modules/slide/lib/chain.js:20:5)
40 verbose stack     at /usr/local/lib/node_modules/npm/lib/install/validate-args.js:16:5
40 verbose stack     at /usr/local/lib/node_modules/npm/node_modules/slide/lib/async-map.js:52:35
40 verbose stack     at Array.forEach (native)
40 verbose stack     at /usr/local/lib/node_modules/npm/node_modules/slide/lib/async-map.js:52:11
40 verbose stack     at Array.forEach (native)
40 verbose stack     at asyncMap (/usr/local/lib/node_modules/npm/node_modules/slide/lib/async-map.js:51:8)
41 verbose cwd /Library/WebServer/Documents/sso/modules/common/components/ngToast
42 error Darwin 14.5.0
43 error argv "/usr/local/bin/node" "/usr/local/bin/npm" "install" "ng-toast" "--production"
44 error node v6.8.1
45 error npm  v4.0.1
46 error code ENOSELF
47 error Refusing to install ng-toast as a dependency of itself
48 error If you need help, you may report this error at:
48 error     <https://github.com/npm/npm/issues>
49 verbose exit [ 1, true ]
